<?xml version="1.0" encoding="UTF-8"?>
<!-- Generated by org.testng.reporters.JUnitXMLReporter -->
<testsuite ignored="0" hostname="ADMINMI-S090LQ8" failures="0" tests="9" name="Default test" time="248.529" errors="0" timestamp="2020-06-10T21:06:29 AEST">
  <testcase classname="newpackage.KmartTestNG" name="tryToCreateNewAccountWithRegisteredEmail" time="34.528"/>
  <testcase classname="newpackage.KmartTestNG" name="searchingForProductAndAddItToCart" time="28.323"/>
  <testcase classname="newpackage.KmartTestNG" name="signInToNewAccount" time="8.134"/>
  <testcase classname="newpackage.KmartTestNG" name="selectFromCategoryAndCheckPrice" time="14.297"/>
  <testcase classname="newpackage.KmartTestNG" name="testingTheWebsiteLinkToSpecificCategory" time="6.864"/>
  <testcase classname="newpackage.KmartTestNG" name="findStoreLocationAndPhoneNumber" time="10.626"/>
  <testcase classname="newpackage.KmartTestNG" name="testingRandomCategories" time="10.404"/>
  <testcase classname="newpackage.KmartTestNG" name="Test_Scroll_Window" time="8.075"/>
  <testcase classname="newpackage.KmartTestNG" name="Filter" time="90.738"/>
</testsuite> <!-- Default test -->
